This file contains any messages produced by compilers while
running configure, to aid debugging if configure makes a mistake.

It was created by riece configure 7.0.3, which was
generated by GNU Autoconf 2.66.  Invocation command line was

  $ ./configure 

## --------- ##
## Platform. ##
## --------- ##

hostname = debian-oginVirtualPC
uname -m = x86_64
uname -r = 2.6.32-5-amd64
uname -s = Linux
uname -v = #1 SMP Mon Mar 7 21:35:22 UTC 2011

/usr/bin/uname -p = unknown
/bin/uname -X     = unknown

/bin/arch              = unknown
/usr/bin/arch -k       = unknown
/usr/convex/getsysinfo = unknown
/usr/bin/hostinfo      = unknown
/bin/machine           = unknown
/usr/bin/oslevel       = unknown
/bin/universe          = unknown

PATH: /home/ogin/bin
PATH: /usr/local/bin
PATH: /usr/bin
PATH: /bin
PATH: /usr/local/games
PATH: /usr/games


## ----------- ##
## Core tests. ##
## ----------- ##

configure:1735: checking for a BSD-compatible install
configure:1803: result: /usr/bin/install -c
configure:1814: checking whether build environment is sane
configure:1864: result: yes
configure:2005: checking for a thread-safe mkdir -p
configure:2044: result: /bin/mkdir -p
configure:2057: checking for gawk
configure:2073: found /usr/bin/gawk
configure:2084: result: gawk
configure:2095: checking whether make sets $(MAKE)
configure:2117: result: yes
configure:2381: checking for emacs
configure:2397: found /usr/bin/emacs
configure:2408: result: emacs
configure:2425: checking what flavor does emacs have
emacs -batch -eval '(let ((x (cond ((featurep (quote xemacs)) "XEmacs") ((boundp (quote MULE)) "MULE") (t "FSF Emacs")))) (write-region (if (stringp x) (princ x) (prin1-to-string x)) nil "./conftest-3346" nil 5))'
Loading 00debian-vars...
Loading /etc/emacs/site-start.d/20apel.el (source)...
Loading /etc/emacs/site-start.d/50auto-complete-el.el (source)...
Loading /etc/emacs/site-start.d/50autoconf.el (source)...
Loading /etc/emacs/site-start.d/50chess.el (source)...
Loading /usr/share/emacs/site-lisp/chess/chess-auto.el (source)...
Loading /etc/emacs/site-start.d/50css-mode.el (source)...
Loading /etc/emacs/site-start.d/50dictionaries-common.el (source)...
Loading debian-ispell...
Loading /var/cache/dictionaries-common/emacsen-ispell-default.el (source)...
Loading /var/cache/dictionaries-common/emacsen-ispell-dicts.el (source)...
Loading /etc/emacs/site-start.d/50emacs-goodies-el.el (source)...
Loading /etc/emacs/site-start.d/50gcl.el (source)...
Loading /etc/emacs/site-start.d/50howm.el (source)...
Loading /etc/emacs/site-start.d/50html-helper-mode.el (source)...
Loading /etc/emacs/site-start.d/50psvn.el (source)...
Loading /etc/emacs/site-start.d/50slime.el (source)...
Loading /usr/share/emacs23/site-lisp/slime/slime-autoloads.elc...
Loading /etc/emacs/site-start.d/50yatex-init.el (source)...
Loading /etc/emacs/site-start.d/55mell.el (source)...
FSF Emacs=> FSF Emacs
configure:2466: result: FSF Emacs
configure:2469: checking prefix for your Emacs
emacs -batch -eval '(let ((x (expand-file-name ".." invocation-directory))) (write-region (if (stringp x) (princ x) (prin1-to-string x)) nil "./conftest-3346" nil 5))'
Loading 00debian-vars...
Loading /etc/emacs/site-start.d/20apel.el (source)...
Loading /etc/emacs/site-start.d/50auto-complete-el.el (source)...
Loading /etc/emacs/site-start.d/50autoconf.el (source)...
Loading /etc/emacs/site-start.d/50chess.el (source)...
Loading /usr/share/emacs/site-lisp/chess/chess-auto.el (source)...
Loading /etc/emacs/site-start.d/50css-mode.el (source)...
Loading /etc/emacs/site-start.d/50dictionaries-common.el (source)...
Loading debian-ispell...
Loading /var/cache/dictionaries-common/emacsen-ispell-default.el (source)...
Loading /var/cache/dictionaries-common/emacsen-ispell-dicts.el (source)...
Loading /etc/emacs/site-start.d/50emacs-goodies-el.el (source)...
Loading /etc/emacs/site-start.d/50gcl.el (source)...
Loading /etc/emacs/site-start.d/50howm.el (source)...
Loading /etc/emacs/site-start.d/50html-helper-mode.el (source)...
Loading /etc/emacs/site-start.d/50psvn.el (source)...
Loading /etc/emacs/site-start.d/50slime.el (source)...
Loading /usr/share/emacs23/site-lisp/slime/slime-autoloads.elc...
Loading /etc/emacs/site-start.d/50yatex-init.el (source)...
Loading /etc/emacs/site-start.d/55mell.el (source)...
/usr=> /usr
configure:2498: result: /usr
configure:2507: checking where lisp files should go
configure:2529: result: $(prefix)/share/emacs/site-lisp/
configure:2790: creating ./config.status

## ---------------------- ##
## Running config.status. ##
## ---------------------- ##

This file was extended by riece config.status 7.0.3, which was
generated by GNU Autoconf 2.66.  Invocation command line was

  CONFIG_FILES    = 
  CONFIG_HEADERS  = 
  CONFIG_LINKS    = 
  CONFIG_COMMANDS = 
  $ ./config.status 

on debian-oginVirtualPC

config.status:751: creating Makefile
config.status:751: creating lisp/Makefile
config.status:751: creating lisp/riece-package-info.el
config.status:751: creating lisp/test/Makefile
config.status:751: creating doc/Makefile

## ---------------- ##
## Cache variables. ##
## ---------------- ##

EMACS_cv_SYS_flavor='FSF Emacs'
EMACS_cv_SYS_prefix=/usr
ac_cv_env_build_alias_set=
ac_cv_env_build_alias_value=
ac_cv_env_host_alias_set=
ac_cv_env_host_alias_value=
ac_cv_env_target_alias_set=
ac_cv_env_target_alias_value=
ac_cv_path_install='/usr/bin/install -c'
ac_cv_path_mkdir=/bin/mkdir
ac_cv_prog_AWK=gawk
ac_cv_prog_EMACS=emacs
ac_cv_prog_make_make_set=yes

## ----------------- ##
## Output variables. ##
## ----------------- ##

ACLOCAL='${SHELL} /home/ogin/.emacs.d/plugins/riece/missing --run aclocal-1.11'
AMTAR='${SHELL} /home/ogin/.emacs.d/plugins/riece/missing --run tar'
AUTOCONF='${SHELL} /home/ogin/.emacs.d/plugins/riece/missing --run autoconf'
AUTOHEADER='${SHELL} /home/ogin/.emacs.d/plugins/riece/missing --run autoheader'
AUTOMAKE='${SHELL} /home/ogin/.emacs.d/plugins/riece/missing --run automake-1.11'
AWK='gawk'
CYGPATH_W='echo'
DEFS='-DPACKAGE_NAME=\"riece\" -DPACKAGE_TARNAME=\"riece\" -DPACKAGE_VERSION=\"7.0.3\" -DPACKAGE_STRING=\"riece\ 7.0.3\" -DPACKAGE_BUGREPORT=\"riece-discuss@nongnu.org\" -DPACKAGE_URL=\"\" -DPACKAGE=\"riece\" -DVERSION=\"7.0.3\"'
ECHO_C=''
ECHO_N='-n'
ECHO_T=''
EMACS='emacs'
INSTALL_DATA='${INSTALL} -m 644'
INSTALL_PROGRAM='${INSTALL}'
INSTALL_SCRIPT='${INSTALL}'
INSTALL_STRIP_PROGRAM='$(install_sh) -c -s'
LIBOBJS=''
LIBS=''
LTLIBOBJS=''
MAKEINFO='${SHELL} /home/ogin/.emacs.d/plugins/riece/missing --run makeinfo'
MKDIR_P='/bin/mkdir -p'
PACKAGE='riece'
PACKAGEDIR=''
PACKAGE_BUGREPORT='riece-discuss@nongnu.org'
PACKAGE_NAME='riece'
PACKAGE_STRING='riece 7.0.3'
PACKAGE_TARNAME='riece'
PACKAGE_URL=''
PACKAGE_VERSION='7.0.3'
PATH_SEPARATOR=':'
SET_MAKE=''
SHELL='/bin/bash'
STRIP=''
VERSION='7.0.3'
XEMACS='xemacs'
XEMACS_FALSE=''
XEMACS_TRUE='#'
am__isrc=''
am__leading_dot='.'
am__tar='${AMTAR} chof - "$$tardir"'
am__untar='${AMTAR} xf -'
bindir='${exec_prefix}/bin'
build_alias=''
datadir='${datarootdir}'
datarootdir='${prefix}/share'
docdir='${datarootdir}/doc/${PACKAGE_TARNAME}'
dvidir='${docdir}'
exec_prefix='${prefix}'
host_alias=''
htmldir='${docdir}'
includedir='${prefix}/include'
infodir='${datarootdir}/info'
install_sh='${SHELL} /home/ogin/.emacs.d/plugins/riece/install-sh'
libdir='${exec_prefix}/lib'
libexecdir='${exec_prefix}/libexec'
lispdir='$(prefix)/share/emacs/site-lisp/'
localedir='${datarootdir}/locale'
localstatedir='${prefix}/var'
mandir='${datarootdir}/man'
mkdir_p='/bin/mkdir -p'
oldincludedir='/usr/include'
pdfdir='${docdir}'
prefix='/usr'
program_transform_name='s,x,x,'
psdir='${docdir}'
sbindir='${exec_prefix}/sbin'
sharedstatedir='${prefix}/com'
sysconfdir='${prefix}/etc'
target_alias=''

## ----------- ##
## confdefs.h. ##
## ----------- ##

/* confdefs.h */
#define PACKAGE_NAME "riece"
#define PACKAGE_TARNAME "riece"
#define PACKAGE_VERSION "7.0.3"
#define PACKAGE_STRING "riece 7.0.3"
#define PACKAGE_BUGREPORT "riece-discuss@nongnu.org"
#define PACKAGE_URL ""
#define PACKAGE "riece"
#define VERSION "7.0.3"

configure: exit 0
